[2025-11-15 11:22:55.778 +08:00] [INF] [1] Emby.Server.Implementations.AppBase.BaseConfigurationManager: Setting cache path: "/cache"
[2025-11-15 11:22:55.999 +08:00] [INF] [4] Jellyfin.Server.ServerSetupApp.SetupServer: Kestrel is listening on "0.0.0.0"
[2025-11-15 11:22:56.024 +08:00] [INF] [4] Main: Jellyfin version: "10.11.2"
[2025-11-15 11:22:56.028 +08:00] [INF] [4] Main: Environment Variables: ["[JELLYFIN_WEB_DIR, /jellyfin/jellyfin-web]", "[JELLYFIN_CACHE_DIR, /cache]", "[JELLYFIN_FFMPEG, /usr/lib/jellyfin-ffmpeg/ffmpeg]", "[JELLYFIN_DATA_DIR, /config]", "[JELLYFIN_CONFIG_DIR, /config/config]", "[JELLYFIN_LOG_DIR, /config/log]"]
[2025-11-15 11:22:56.029 +08:00] [INF] [4] Main: Arguments: ["/jellyfin/jellyfin.dll"]
[2025-11-15 11:22:56.029 +08:00] [INF] [4] Main: Operating system: "Debian GNU/Linux 13 (trixie)"
[2025-11-15 11:22:56.029 +08:00] [INF] [4] Main: Architecture: Arm64
[2025-11-15 11:22:56.030 +08:00] [INF] [4] Main: 64-Bit Process: True
[2025-11-15 11:22:56.030 +08:00] [INF] [4] Main: User Interactive: True
[2025-11-15 11:22:56.030 +08:00] [INF] [4] Main: Processor count: 11
[2025-11-15 11:22:56.030 +08:00] [INF] [4] Main: Program data path: "/config"
[2025-11-15 11:22:56.030 +08:00] [INF] [4] Main: Log directory path: "/config/log"
[2025-11-15 11:22:56.030 +08:00] [INF] [4] Main: Config directory path: "/config/config"
[2025-11-15 11:22:56.030 +08:00] [INF] [4] Main: Cache path: "/cache"
[2025-11-15 11:22:56.030 +08:00] [INF] [4] Main: Temp directory path: "/tmp/jellyfin"
[2025-11-15 11:22:56.030 +08:00] [INF] [4] Main: Web resources path: "/jellyfin/jellyfin-web"
[2025-11-15 11:22:56.030 +08:00] [INF] [4] Main: Application directory: "/jellyfin/"
[2025-11-15 11:22:56.040 +08:00] [INF] [4] Jellyfin.Server.Startup: Storage path `"/config/data"` (Network) successfully checked with "24.6TiB" free which is over the minimum of "2GiB".
[2025-11-15 11:22:56.040 +08:00] [INF] [4] Jellyfin.Server.Startup: Storage path `"/config/log"` (Network) successfully checked with "24.6TiB" free which is over the minimum of "512MiB".
[2025-11-15 11:22:56.040 +08:00] [INF] [4] Jellyfin.Server.Startup: Storage path `"/cache"` (Fixed) successfully checked with "95.1GiB" free which is over the minimum of "2GiB".
[2025-11-15 11:22:56.040 +08:00] [INF] [4] Jellyfin.Server.Startup: Storage path `"/config"` (Network) successfully checked with "24.6TiB" free which is over the minimum of "2GiB".
[2025-11-15 11:22:56.040 +08:00] [INF] [4] Jellyfin.Server.Startup: Storage path `"/tmp/jellyfin"` (Fixed) successfully checked with "95.1GiB" free which is over the minimum of "512MiB".
[2025-11-15 11:22:56.088 +08:00] [INF] [4] Emby.Server.Implementations.AppBase.BaseConfigurationManager: Setting cache path: "/cache"
[2025-11-15 11:22:56.158 +08:00] [INF] [4] Jellyfin.Database.Providers.Sqlite.SqliteDatabaseProvider: SQLite connection string: "Data Source=/config/data/jellyfin.db;Cache=Default;Pooling=True"
[2025-11-15 11:22:56.162 +08:00] [INF] [4] Jellyfin.Database.Providers.Sqlite.SqliteDatabaseProvider: SQLITE connection pragma command set to: 
"PRAGMA locking_mode=NORMAL;
PRAGMA journal_size_limit=134217728;
PRAGMA synchronous=1;
PRAGMA temp_store=2;
"
[2025-11-15 11:22:56.163 +08:00] [INF] [4] Jellyfin.Database.Implementations.Locking.NoLockBehavior: The database locking mode has been set to: NoLock.
[2025-11-15 11:22:56.195 +08:00] [INF] [4] Jellyfin.Server.Migrations.JellyfinMigrationService: Initialise Migration service.
[2025-11-15 11:22:56.196 +08:00] [INF] [4] Jellyfin.Server.Migrations.JellyfinMigrationService: System initialisation detected. Seed data.
[2025-11-15 11:22:56.939 +08:00] [INF] [4] Jellyfin.Server.Migrations.JellyfinMigrationService: Seed migration null-"CleanMusicArtist".
[2025-11-15 11:22:56.941 +08:00] [INF] [4] Jellyfin.Server.Migrations.JellyfinMigrationService: Seed migration ef103419-8451-40d8-9f34-d1a8e93a1679-"CreateUserLoggingConfigFile".
[2025-11-15 11:22:56.942 +08:00] [INF] [4] Jellyfin.Server.Migrations.JellyfinMigrationService: Seed migration 4124c2cd-e939-4ffb-9be9-9b311c413638-"DisableTranscodingThrottling".
[2025-11-15 11:22:56.942 +08:00] [INF] [4] Jellyfin.Server.Migrations.JellyfinMigrationService: Seed migration cf6fabc2-9fbe-4933-84a5-ffe52ef22a58-"FixAudioData".
[2025-11-15 11:22:56.942 +08:00] [INF] [4] Jellyfin.Server.Migrations.JellyfinMigrationService: Seed migration null-"FixDates".
[2025-11-15 11:22:56.943 +08:00] [INF] [4] Jellyfin.Server.Migrations.JellyfinMigrationService: Seed migration 615dfa9e-2497-4dbb-a472-61938b752c5b-"FixPlaylistOwner".
[2025-11-15 11:22:56.943 +08:00] [INF] [4] Jellyfin.Server.Migrations.JellyfinMigrationService: Seed migration 3793eb59-bc8c-456c-8b9f-bd5a62a42978-"MigrateActivityLogDb".
[2025-11-15 11:22:56.943 +08:00] [INF] [4] Jellyfin.Server.Migrations.JellyfinMigrationService: Seed migration 5bd72f41-e6f3-4f60-90aa-09869abe0e22-"MigrateAuthenticationDb".
[2025-11-15 11:22:56.943 +08:00] [INF] [4] Jellyfin.Server.Migrations.JellyfinMigrationService: Seed migration 06387815-c3cc-421f-a888-fb5f9992bea8-"MigrateDisplayPreferencesDb".
[2025-11-15 11:22:56.943 +08:00] [INF] [4] Jellyfin.Server.Migrations.JellyfinMigrationService: Seed migration null-"MigrateKeyframeData".
[2025-11-15 11:22:56.943 +08:00] [INF] [4] Jellyfin.Server.Migrations.JellyfinMigrationService: Seed migration null-"MigrateLibraryDb".
[2025-11-15 11:22:56.943 +08:00] [INF] [4] Jellyfin.Server.Migrations.JellyfinMigrationService: Seed migration null-"MigrateLibraryDbCompatibilityCheck".
[2025-11-15 11:22:56.944 +08:00] [INF] [4] Jellyfin.Server.Migrations.JellyfinMigrationService: Seed migration null-"MigrateLibraryUserData".
[2025-11-15 11:22:56.944 +08:00] [INF] [4] Jellyfin.Server.Migrations.JellyfinMigrationService: Seed migration null-"MigrateRatingLevels".
[2025-11-15 11:22:56.945 +08:00] [INF] [4] Jellyfin.Server.Migrations.JellyfinMigrationService: Seed migration 5c4b82a2-f053-4009-bd05-b6fcad82f14c-"MigrateUserDb".
[2025-11-15 11:22:56.945 +08:00] [INF] [4] Jellyfin.Server.Migrations.JellyfinMigrationService: Seed migration null-"MoveExtractedFiles".
[2025-11-15 11:22:56.945 +08:00] [INF] [4] Jellyfin.Server.Migrations.JellyfinMigrationService: Seed migration null-"RefreshInternalDateModified".
[2025-11-15 11:22:56.946 +08:00] [INF] [4] Jellyfin.Server.Migrations.JellyfinMigrationService: Seed migration a81f75e0-8f43-416f-a5e8-516ccab4d8cc-"RemoveDownloadImagesInAdvance".
[2025-11-15 11:22:56.946 +08:00] [INF] [4] Jellyfin.Server.Migrations.JellyfinMigrationService: Seed migration acbe17b7-8435-4a83-8b64-6fcf162cb9bd-"RemoveDuplicateExtras".
[2025-11-15 11:22:56.946 +08:00] [INF] [4] Jellyfin.Server.Migrations.JellyfinMigrationService: Seed migration 96c156a2-7a13-4b3b-a8b8-fb80c94d20c0-"RemoveDuplicatePlaylistChildren".
[2025-11-15 11:22:56.946 +08:00] [INF] [4] Jellyfin.Server.Migrations.JellyfinMigrationService: Seed migration null-"ReseedFolderFlag".
[2025-11-15 11:22:56.947 +08:00] [INF] [4] Jellyfin.Server.Migrations.JellyfinMigrationService: Seed migration 9b354818-94d5-4b68-ac49-e35cb85f9d84-"CreateNetworkConfiguration".
[2025-11-15 11:22:56.947 +08:00] [INF] [4] Jellyfin.Server.Migrations.JellyfinMigrationService: Seed migration a8e61960-7726-4450-8f3d-82c12daabbcb-"MigrateEncodingOptions".
[2025-11-15 11:22:56.948 +08:00] [INF] [4] Jellyfin.Server.Migrations.JellyfinMigrationService: Seed migration a6dcacf4-c057-4ef9-80d3-61cef9ddb4f0-"MigrateMusicBrainzTimeout".
[2025-11-15 11:22:56.948 +08:00] [INF] [4] Jellyfin.Server.Migrations.JellyfinMigrationService: Seed migration 4fb5c950-1991-11ee-9b4b-0800200c9a66-"MigrateNetworkConfiguration".
[2025-11-15 11:22:56.948 +08:00] [INF] [4] Jellyfin.Server.Migrations.JellyfinMigrationService: Seed migration e73b777d-cd5c-4e71-957a-b86b3660b7cf-"RenameEnableGroupingIntoCollections".
[2025-11-15 11:22:56.952 +08:00] [INF] [4] Jellyfin.Server.Migrations.JellyfinMigrationService: Migration system initialisation completed.
[2025-11-15 11:22:56.958 +08:00] [INF] [4] Jellyfin.Server.Migrations.JellyfinMigrationService: There are 0 migrations for stage PreInitialisation.
[2025-11-15 11:22:56.962 +08:00] [INF] [4] Emby.Server.Implementations.AppBase.BaseConfigurationManager: Setting cache path: "/cache"
[2025-11-15 11:22:56.968 +08:00] [INF] [4] Emby.Server.Implementations.ApplicationHost: Loading assemblies
[2025-11-15 11:22:56.996 +08:00] [INF] [4] Jellyfin.Networking.Manager.NetworkManager: Defined LAN subnets: ["127.0.0.1/8", "10.0.0.0/8", "172.16.0.0/12", "192.168.0.0/16"]
[2025-11-15 11:22:56.997 +08:00] [INF] [4] Jellyfin.Networking.Manager.NetworkManager: Defined LAN exclusions: []
[2025-11-15 11:22:56.997 +08:00] [INF] [4] Jellyfin.Networking.Manager.NetworkManager: Used LAN subnets: ["127.0.0.1/8", "10.0.0.0/8", "172.16.0.0/12", "192.168.0.0/16"]
[2025-11-15 11:22:56.997 +08:00] [INF] [4] Jellyfin.Networking.Manager.NetworkManager: Filtered interface addresses: ["127.0.0.1", "192.168.97.3"]
[2025-11-15 11:22:56.998 +08:00] [INF] [4] Jellyfin.Networking.Manager.NetworkManager: Bind Addresses ["0.0.0.0"]
[2025-11-15 11:22:56.998 +08:00] [INF] [4] Jellyfin.Networking.Manager.NetworkManager: Remote IP filter is "Allowlist"
[2025-11-15 11:22:56.998 +08:00] [INF] [4] Jellyfin.Networking.Manager.NetworkManager: Filtered subnets: []
[2025-11-15 11:22:57.438 +08:00] [INF] [4] Jellyfin.Database.Providers.Sqlite.SqliteDatabaseProvider: SQLite connection string: "Data Source=/config/data/jellyfin.db;Cache=Default;Pooling=True"
[2025-11-15 11:22:57.438 +08:00] [INF] [4] Jellyfin.Database.Providers.Sqlite.SqliteDatabaseProvider: SQLITE connection pragma command set to: 
"PRAGMA locking_mode=NORMAL;
PRAGMA journal_size_limit=134217728;
PRAGMA synchronous=1;
PRAGMA temp_store=2;
"
[2025-11-15 11:22:57.438 +08:00] [INF] [4] Jellyfin.Database.Implementations.Locking.NoLockBehavior: The database locking mode has been set to: NoLock.
[2025-11-15 11:22:57.442 +08:00] [INF] [4] Main: Prepare system for possible migrations
[2025-11-15 11:22:57.462 +08:00] [INF] [4] Main: A migration will attempt to modify the jellyfin.db, will attempt to backup the file now.
[2025-11-15 11:22:57.463 +08:00] [INF] [4] Main: Jellyfin database has been backed up as "20251115032257"
[2025-11-15 11:22:57.467 +08:00] [INF] [4] Jellyfin.Server.Migrations.JellyfinMigrationService: There are 0 migrations for stage CoreInitialisation.
[2025-11-15 11:22:57.468 +08:00] [INF] [4] InternalDatabaseMigration: Perform migration "20200514181226_AddActivityLog"
[2025-11-15 11:22:57.493 +08:00] [INF] [4] InternalDatabaseMigration: Migration "20200514181226_AddActivityLog" was successfully applied
[2025-11-15 11:22:57.494 +08:00] [INF] [4] InternalDatabaseMigration: Perform migration "20200613202153_AddUsers"
[2025-11-15 11:22:57.511 +08:00] [INF] [4] InternalDatabaseMigration: Migration "20200613202153_AddUsers" was successfully applied
[2025-11-15 11:22:57.511 +08:00] [INF] [4] InternalDatabaseMigration: Perform migration "20200728005145_AddDisplayPreferences"
[2025-11-15 11:22:57.531 +08:00] [INF] [4] InternalDatabaseMigration: Migration "20200728005145_AddDisplayPreferences" was successfully applied
[2025-11-15 11:22:57.531 +08:00] [INF] [4] InternalDatabaseMigration: Perform migration "20200905220533_FixDisplayPreferencesIndex"
[2025-11-15 11:22:57.537 +08:00] [INF] [4] InternalDatabaseMigration: Migration "20200905220533_FixDisplayPreferencesIndex" was successfully applied
[2025-11-15 11:22:57.538 +08:00] [INF] [4] InternalDatabaseMigration: Perform migration "20201004171403_AddMaxActiveSessions"
[2025-11-15 11:22:57.550 +08:00] [INF] [4] InternalDatabaseMigration: Migration "20201004171403_AddMaxActiveSessions" was successfully applied
[2025-11-15 11:22:57.550 +08:00] [INF] [4] InternalDatabaseMigration: Perform migration "20201204223655_AddCustomDisplayPreferences"
[2025-11-15 11:22:57.567 +08:00] [INF] [4] InternalDatabaseMigration: Migration "20201204223655_AddCustomDisplayPreferences" was successfully applied
[2025-11-15 11:22:57.567 +08:00] [INF] [4] InternalDatabaseMigration: Perform migration "20210320181425_AddIndexesAndCollations"
[2025-11-15 11:22:57.590 +08:00] [WRN] [4] Microsoft.EntityFrameworkCore.Migrations: An operation of type '"SqlOperation"' will be attempted while a rebuild of table '"ImageInfos"' is pending. The database may not be in an expected state. Review the SQL generated by this migration to help diagnose any failures. Consider moving these operations to a subsequent migration.
[2025-11-15 11:22:57.591 +08:00] [WRN] [4] Microsoft.EntityFrameworkCore.Migrations: An operation of type '"SqlOperation"' will be attempted while a rebuild of table '"ImageInfos"' is pending. The database may not be in an expected state. Review the SQL generated by this migration to help diagnose any failures. Consider moving these operations to a subsequent migration.
[2025-11-15 11:22:57.592 +08:00] [WRN] [4] Microsoft.EntityFrameworkCore.Migrations: An operation of type '"SqlOperation"' will be attempted while a rebuild of table '"Permissions"' is pending. The database may not be in an expected state. Review the SQL generated by this migration to help diagnose any failures. Consider moving these operations to a subsequent migration.
[2025-11-15 11:22:57.592 +08:00] [WRN] [4] Microsoft.EntityFrameworkCore.Migrations: An operation of type '"SqlOperation"' will be attempted while a rebuild of table '"Permissions"' is pending. The database may not be in an expected state. Review the SQL generated by this migration to help diagnose any failures. Consider moving these operations to a subsequent migration.
[2025-11-15 11:22:57.592 +08:00] [WRN] [4] Microsoft.EntityFrameworkCore.Migrations: An operation of type '"SqlOperation"' will be attempted while a rebuild of table '"Preferences"' is pending. The database may not be in an expected state. Review the SQL generated by this migration to help diagnose any failures. Consider moving these operations to a subsequent migration.
[2025-11-15 11:22:57.593 +08:00] [WRN] [4] Microsoft.EntityFrameworkCore.Migrations: An operation of type '"SqlOperation"' will be attempted while a rebuild of table '"Preferences"' is pending. The database may not be in an expected state. Review the SQL generated by this migration to help diagnose any failures. Consider moving these operations to a subsequent migration.
[2025-11-15 11:22:57.600 +08:00] [WRN] [4] Microsoft.EntityFrameworkCore.Migrations: An operation of type '"SqlOperation"' will be attempted while a rebuild of table '"Users"' is pending. The database may not be in an expected state. Review the SQL generated by this migration to help diagnose any failures. Consider moving these operations to a subsequent migration.
[2025-11-15 11:22:57.600 +08:00] [WRN] [4] Microsoft.EntityFrameworkCore.Migrations: An operation of type '"SqlOperation"' will be attempted while a rebuild of table '"Users"' is pending. The database may not be in an expected state. Review the SQL generated by this migration to help diagnose any failures. Consider moving these operations to a subsequent migration.
[2025-11-15 11:22:57.605 +08:00] [INF] [4] InternalDatabaseMigration: Migration "20210320181425_AddIndexesAndCollations" was successfully applied
[2025-11-15 11:22:57.606 +08:00] [INF] [4] InternalDatabaseMigration: Perform migration "20210407110544_NullableCustomPrefValue"
[2025-11-15 11:22:57.616 +08:00] [INF] [4] InternalDatabaseMigration: Migration "20210407110544_NullableCustomPrefValue" was successfully applied
[2025-11-15 11:22:57.617 +08:00] [INF] [4] InternalDatabaseMigration: Perform migration "20210814002109_AddDevices"
[2025-11-15 11:22:57.626 +08:00] [INF] [4] InternalDatabaseMigration: Migration "20210814002109_AddDevices" was successfully applied
[2025-11-15 11:22:57.626 +08:00] [INF] [4] InternalDatabaseMigration: Perform migration "20221022080052_AddIndexActivityLogsDateCreated"
[2025-11-15 11:22:57.634 +08:00] [INF] [4] InternalDatabaseMigration: Migration "20221022080052_AddIndexActivityLogsDateCreated" was successfully applied
[2025-11-15 11:22:57.634 +08:00] [INF] [4] InternalDatabaseMigration: Perform migration "20230526173516_RemoveEasyPassword"
[2025-11-15 11:22:57.648 +08:00] [INF] [4] InternalDatabaseMigration: Migration "20230526173516_RemoveEasyPassword" was successfully applied
[2025-11-15 11:22:57.648 +08:00] [INF] [4] InternalDatabaseMigration: Perform migration "20230626233818_AddTrickplayInfos"
[2025-11-15 11:22:57.657 +08:00] [INF] [4] InternalDatabaseMigration: Migration "20230626233818_AddTrickplayInfos" was successfully applied
[2025-11-15 11:22:57.657 +08:00] [INF] [4] InternalDatabaseMigration: Perform migration "20230923170422_UserCastReceiver"
[2025-11-15 11:22:57.666 +08:00] [INF] [4] InternalDatabaseMigration: Migration "20230923170422_UserCastReceiver" was successfully applied
[2025-11-15 11:22:57.666 +08:00] [INF] [4] InternalDatabaseMigration: Perform migration "20240729140605_AddMediaSegments"
[2025-11-15 11:22:57.685 +08:00] [INF] [4] InternalDatabaseMigration: Migration "20240729140605_AddMediaSegments" was successfully applied
[2025-11-15 11:22:57.685 +08:00] [INF] [4] InternalDatabaseMigration: Perform migration "20240928082930_MarkSegmentProviderIdNonNullable"
[2025-11-15 11:22:57.700 +08:00] [INF] [4] InternalDatabaseMigration: Migration "20240928082930_MarkSegmentProviderIdNonNullable" was successfully applied
[2025-11-15 11:22:57.700 +08:00] [INF] [4] InternalDatabaseMigration: Perform migration "20241020103111_LibraryDbMigration"
[2025-11-15 11:22:57.734 +08:00] [INF] [4] InternalDatabaseMigration: Migration "20241020103111_LibraryDbMigration" was successfully applied
[2025-11-15 11:22:57.734 +08:00] [INF] [4] InternalDatabaseMigration: Perform migration "20241111131257_AddedCustomDataKey"
[2025-11-15 11:22:57.756 +08:00] [INF] [4] InternalDatabaseMigration: Migration "20241111131257_AddedCustomDataKey" was successfully applied
[2025-11-15 11:22:57.756 +08:00] [INF] [4] InternalDatabaseMigration: Perform migration "20241111135439_AddedCustomDataKeyKey"
[2025-11-15 11:22:57.789 +08:00] [INF] [4] InternalDatabaseMigration: Migration "20241111135439_AddedCustomDataKeyKey" was successfully applied
[2025-11-15 11:22:57.790 +08:00] [INF] [4] InternalDatabaseMigration: Perform migration "20241112152323_FixAncestorIdConfig"
[2025-11-15 11:22:57.824 +08:00] [INF] [4] InternalDatabaseMigration: Migration "20241112152323_FixAncestorIdConfig" was successfully applied
[2025-11-15 11:22:57.824 +08:00] [INF] [4] InternalDatabaseMigration: Perform migration "20241112232041_FixMediaStreams"
[2025-11-15 11:22:57.859 +08:00] [INF] [4] InternalDatabaseMigration: Migration "20241112232041_FixMediaStreams" was successfully applied
[2025-11-15 11:22:57.859 +08:00] [INF] [4] InternalDatabaseMigration: Perform migration "20241112234144_FixMediaStreams2"
[2025-11-15 11:22:57.893 +08:00] [INF] [4] InternalDatabaseMigration: Migration "20241112234144_FixMediaStreams2" was successfully applied
[2025-11-15 11:22:57.893 +08:00] [INF] [4] InternalDatabaseMigration: Perform migration "20241113133548_EnforceUniqueItemValue"
[2025-11-15 11:22:57.913 +08:00] [INF] [4] InternalDatabaseMigration: Migration "20241113133548_EnforceUniqueItemValue" was successfully applied
[2025-11-15 11:22:57.913 +08:00] [INF] [4] InternalDatabaseMigration: Perform migration "20250202021306_FixedCollation"
[2025-11-15 11:22:57.951 +08:00] [INF] [4] InternalDatabaseMigration: Migration "20250202021306_FixedCollation" was successfully applied
[2025-11-15 11:22:57.951 +08:00] [INF] [4] InternalDatabaseMigration: Perform migration "20250204092455_MakeStartEndDateNullable"
[2025-11-15 11:22:58.032 +08:00] [INF] [4] InternalDatabaseMigration: Migration "20250204092455_MakeStartEndDateNullable" was successfully applied
[2025-11-15 11:22:58.032 +08:00] [INF] [4] InternalDatabaseMigration: Perform migration "20250214031148_ChannelIdGuid"
[2025-11-15 11:22:58.068 +08:00] [INF] [4] InternalDatabaseMigration: Migration "20250214031148_ChannelIdGuid" was successfully applied
[2025-11-15 11:22:58.069 +08:00] [INF] [4] InternalDatabaseMigration: Perform migration "20250326065026_AddInheritedParentalRatingSubValue"
[2025-11-15 11:22:58.121 +08:00] [INF] [4] InternalDatabaseMigration: Migration "20250326065026_AddInheritedParentalRatingSubValue" was successfully applied
[2025-11-15 11:22:58.122 +08:00] [INF] [4] InternalDatabaseMigration: Perform migration "20250327101120_AddKeyframeData"
[2025-11-15 11:22:58.151 +08:00] [INF] [4] InternalDatabaseMigration: Migration "20250327101120_AddKeyframeData" was successfully applied
[2025-11-15 11:22:58.152 +08:00] [INF] [4] InternalDatabaseMigration: Perform migration "20250327171413_AddHdr10PlusFlag"
[2025-11-15 11:22:58.200 +08:00] [INF] [4] InternalDatabaseMigration: Migration "20250327171413_AddHdr10PlusFlag" was successfully applied
[2025-11-15 11:22:58.200 +08:00] [INF] [4] InternalDatabaseMigration: Perform migration "20250331182844_FixAttachmentMigration"
[2025-11-15 11:22:58.250 +08:00] [INF] [4] InternalDatabaseMigration: Migration "20250331182844_FixAttachmentMigration" was successfully applied
[2025-11-15 11:22:58.250 +08:00] [INF] [4] InternalDatabaseMigration: Perform migration "20250401142247_FixAncestors"
[2025-11-15 11:22:58.276 +08:00] [INF] [4] InternalDatabaseMigration: Migration "20250401142247_FixAncestors" was successfully applied
[2025-11-15 11:22:58.276 +08:00] [INF] [4] InternalDatabaseMigration: Perform migration "20250405075612_FixItemValuesIndices"
[2025-11-15 11:22:58.303 +08:00] [INF] [4] InternalDatabaseMigration: Migration "20250405075612_FixItemValuesIndices" was successfully applied
[2025-11-15 11:22:58.303 +08:00] [INF] [4] InternalDatabaseMigration: Perform migration "20250609115616_DetachUserDataInsteadOfDelete"
[2025-11-15 11:22:58.345 +08:00] [INF] [4] InternalDatabaseMigration: Migration "20250609115616_DetachUserDataInsteadOfDelete" was successfully applied
[2025-11-15 11:22:58.345 +08:00] [INF] [4] InternalDatabaseMigration: Perform migration "20250622170802_BaseItemImageInfoDateModifiedNullable"
[2025-11-15 11:22:58.386 +08:00] [INF] [4] InternalDatabaseMigration: Migration "20250622170802_BaseItemImageInfoDateModifiedNullable" was successfully applied
[2025-11-15 11:22:58.386 +08:00] [INF] [4] InternalDatabaseMigration: Perform migration "20250714044826_ResetJournalMode"
[2025-11-15 11:22:58.406 +08:00] [INF] [4] InternalDatabaseMigration: Migration "20250714044826_ResetJournalMode" was successfully applied
[2025-11-15 11:22:58.406 +08:00] [INF] [4] InternalDatabaseMigration: Perform migration "20250913211637_AddProperParentChildRelationBaseItemWithCascade"
[2025-11-15 11:22:58.447 +08:00] [INF] [4] InternalDatabaseMigration: Migration "20250913211637_AddProperParentChildRelationBaseItemWithCascade" was successfully applied
[2025-11-15 11:22:58.447 +08:00] [INF] [4] InternalDatabaseMigration: Perform migration "20250925203415_ExtendPeopleMapKey"
[2025-11-15 11:22:58.483 +08:00] [INF] [4] InternalDatabaseMigration: Migration "20250925203415_ExtendPeopleMapKey" was successfully applied
[2025-11-15 11:22:58.800 +08:00] [INF] [4] Emby.Server.Implementations.AppBase.BaseConfigurationManager: Saving system configuration
[2025-11-15 11:22:58.801 +08:00] [INF] [4] Emby.Server.Implementations.AppBase.BaseConfigurationManager: Setting cache path: "/cache"
[2025-11-15 11:22:58.804 +08:00] [INF] [4] Emby.Server.Implementations.Plugins.PluginManager: Loaded plugin: "TMDb" "10.11.2.0"
[2025-11-15 11:22:58.804 +08:00] [INF] [4] Emby.Server.Implementations.Plugins.PluginManager: Loaded plugin: "Studio Images" "10.11.2.0"
[2025-11-15 11:22:58.805 +08:00] [INF] [4] Emby.Server.Implementations.Plugins.PluginManager: Loaded plugin: "OMDb" "10.11.2.0"
[2025-11-15 11:22:58.813 +08:00] [INF] [4] Emby.Server.Implementations.Plugins.PluginManager: Loaded plugin: "MusicBrainz" "10.11.2.0"
[2025-11-15 11:22:58.814 +08:00] [INF] [4] Emby.Server.Implementations.Plugins.PluginManager: Loaded plugin: "AudioDB" "10.11.2.0"
[2025-11-15 11:22:58.848 +08:00] [INF] [4] Jellyfin.Server.Migrations.JellyfinMigrationService: There are 5 migrations for stage AppInitialisation.
[2025-11-15 11:22:58.848 +08:00] [INF] [4] InternalCodeMigration: Perform migration "20250420090000_AddDefaultPluginRepository"
[2025-11-15 11:22:58.850 +08:00] [INF] [4] Emby.Server.Implementations.AppBase.BaseConfigurationManager: Saving system configuration
[2025-11-15 11:22:58.851 +08:00] [INF] [4] Emby.Server.Implementations.AppBase.BaseConfigurationManager: Setting cache path: "/cache"
[2025-11-15 11:22:58.851 +08:00] [INF] [4] InternalCodeMigration: Migration "20250420090000_AddDefaultPluginRepository" was successfully applied
[2025-11-15 11:22:58.851 +08:00] [INF] [4] InternalCodeMigration: Perform migration "20250420110000_ReaddDefaultPluginRepository"
[2025-11-15 11:22:58.852 +08:00] [INF] [4] InternalCodeMigration: Migration "20250420110000_ReaddDefaultPluginRepository" was successfully applied
[2025-11-15 11:22:58.852 +08:00] [INF] [4] InternalCodeMigration: Perform migration "20250420160000_AddDefaultCastReceivers"
[2025-11-15 11:22:58.852 +08:00] [INF] [4] Emby.Server.Implementations.AppBase.BaseConfigurationManager: Saving system configuration
[2025-11-15 11:22:58.852 +08:00] [INF] [4] Emby.Server.Implementations.AppBase.BaseConfigurationManager: Setting cache path: "/cache"
[2025-11-15 11:22:58.853 +08:00] [INF] [4] InternalCodeMigration: Migration "20250420160000_AddDefaultCastReceivers" was successfully applied
[2025-11-15 11:22:58.853 +08:00] [INF] [4] InternalCodeMigration: Perform migration "20250420170000_UpdateDefaultPluginRepository"
[2025-11-15 11:22:58.853 +08:00] [INF] [4] Emby.Server.Implementations.AppBase.BaseConfigurationManager: Saving system configuration
[2025-11-15 11:22:58.853 +08:00] [INF] [4] Emby.Server.Implementations.AppBase.BaseConfigurationManager: Setting cache path: "/cache"
[2025-11-15 11:22:58.853 +08:00] [INF] [4] InternalCodeMigration: Migration "20250420170000_UpdateDefaultPluginRepository" was successfully applied
[2025-11-15 11:22:58.853 +08:00] [INF] [4] InternalCodeMigration: Perform migration "20250420230000_MoveTrickplayFiles"
[2025-11-15 11:22:58.989 +08:00] [INF] [4] Jellyfin.Server.Migrations.Routines.MoveTrickplayFiles: Checked: 5000 - Moved: 0 - Time: 00:00:00.1344837
[2025-11-15 11:22:58.989 +08:00] [INF] [4] Jellyfin.Server.Migrations.Routines.MoveTrickplayFiles: Moved 0 items in 00:00:00.1351395
[2025-11-15 11:22:58.990 +08:00] [INF] [4] InternalCodeMigration: Migration "20250420230000_MoveTrickplayFiles" was successfully applied
[2025-11-15 11:22:58.990 +08:00] [INF] [4] Main: Attempt to cleanup JellyfinDb backup.
[2025-11-15 11:22:59.015 +08:00] [INF] [9] Main: Kestrel is listening on "0.0.0.0"
[2025-11-15 11:22:59.050 +08:00] [WRN] [12] Microsoft.AspNetCore.DataProtection.KeyManagement.XmlKeyManager: No XML encryptor configured. Key {723f9e6d-ccb9-4e7e-bca9-95218ac440cf} may be persisted to storage in unencrypted form.
[2025-11-15 11:22:59.412 +08:00] [WRN] [9] Microsoft.AspNetCore.StaticFiles.StaticFileMiddleware: The WebRootPath was not found: "/wwwroot". Static files may be unavailable.
[2025-11-15 11:22:59.721 +08:00] [INF] [9] Emby.Server.Implementations.ApplicationHost: Running startup tasks
[2025-11-15 11:22:59.728 +08:00] [INF] [9] Emby.Server.Implementations.ScheduledTasks.TaskManager: Daily trigger for "Generate Trickplay Images" set to fire at 2025-11-16 03:00:00.000 +08:00, which is 15:37:00.2715990 from now.
[2025-11-15 11:22:59.730 +08:00] [INF] [9] Emby.Server.Implementations.ScheduledTasks.TaskManager: Daily trigger for "Extract Chapter Images" set to fire at 2025-11-16 02:00:00.000 +08:00, which is 14:37:00.2697912 from now.
[2025-11-15 11:23:00.677 +08:00] [INF] [9] MediaBrowser.MediaEncoding.Encoder.MediaEncoder: Found ffmpeg version "7.1.2"
[2025-11-15 11:23:00.712 +08:00] [INF] [9] MediaBrowser.MediaEncoding.Encoder.MediaEncoder: Available "decoders": ["libdav1d", "av1", "av1_cuvid", "av1_rkmpp", "h264", "h264_rkmpp", "h264_cuvid", "hevc", "hevc_rkmpp", "hevc_cuvid", "mpeg1_rkmpp", "mpeg2video", "mpeg2_rkmpp", "mpeg2_cuvid", "mpeg4", "mpeg4_rkmpp", "mpeg4_cuvid", "msmpeg4", "vc1_cuvid", "vp8", "vp8_rkmpp", "libvpx", "vp8_cuvid", "vp9", "vp9_rkmpp", "libvpx-vp9", "vp9_cuvid", "aac", "ac3", "ac4", "dca", "flac", "mp3", "truehd"]
[2025-11-15 11:23:00.725 +08:00] [INF] [9] MediaBrowser.MediaEncoding.Encoder.MediaEncoder: Available "encoders": ["libsvtav1", "av1_nvenc", "libx264", "h264_nvenc", "h264_v4l2m2m", "h264_rkmpp", "libx265", "hevc_nvenc", "hevc_rkmpp", "mjpeg_rkmpp", "aac", "libfdk_aac", "ac3", "alac", "dca", "flac", "libmp3lame", "libopus", "truehd", "libvorbis", "srt"]
[2025-11-15 11:23:00.737 +08:00] [INF] [9] MediaBrowser.MediaEncoding.Encoder.MediaEncoder: Available filters: ["bwdif_cuda", "bwdif_opencl", "hwupload_cuda", "overlay_opencl", "overlay_cuda", "overlay_rkrga", "scale_cuda", "scale_opencl", "scale_rkrga", "tonemapx", "tonemap_cuda", "tonemap_opencl", "transpose_cuda", "transpose_opencl", "vpp_rkrga", "yadif_cuda", "yadif_opencl", "zscale", "alphasrc"]
[2025-11-15 11:23:00.792 +08:00] [WRN] [9] MediaBrowser.MediaEncoding.Encoder.MediaEncoder: Filter: "overlay_vaapi" with option "Action to take when encountering EOF from secondary input" is not available
[2025-11-15 11:23:00.801 +08:00] [WRN] [9] MediaBrowser.MediaEncoding.Encoder.MediaEncoder: Filter: "overlay_vulkan" with option "Action to take when encountering EOF from secondary input" is not available
[2025-11-15 11:23:00.884 +08:00] [INF] [9] MediaBrowser.MediaEncoding.Encoder.MediaEncoder: Available hwaccel types: ["cuda", "drm", "opencl", "rkmpp"]
[2025-11-15 11:23:02.740 +08:00] [INF] [18] Emby.Server.Implementations.ScheduledTasks.TaskManager: "Clean Transcode Directory" Completed after 0 minute(s) and 0 seconds
[2025-11-15 11:23:02.740 +08:00] [INF] [19] Emby.Server.Implementations.ScheduledTasks.TaskManager: "Clean up collections and playlists" Completed after 0 minute(s) and 0 seconds
[2025-11-15 11:23:04.505 +08:00] [INF] [19] Emby.Server.Implementations.ScheduledTasks.TaskManager: "Update Plugins" Completed after 0 minute(s) and 1 seconds
[2025-11-15 11:23:06.601 +08:00] [INF] [9] MediaBrowser.MediaEncoding.Encoder.MediaEncoder: FFmpeg: "/usr/lib/jellyfin-ffmpeg/ffmpeg"
[2025-11-15 11:23:06.604 +08:00] [INF] [9] Emby.Server.Implementations.ApplicationHost: ServerId: "1cd72eadc3b94cbe8f2b6a97f05c3168"
[2025-11-15 11:23:06.604 +08:00] [INF] [9] Emby.Server.Implementations.ApplicationHost: Core startup complete
[2025-11-15 11:23:06.605 +08:00] [INF] [9] Main: Startup complete 0:00:11.1683661
[2025-11-15 11:47:31.114 +08:00] [INF] [104] Emby.Server.Implementations.Session.SessionManager: Sending shutdown notifications
[2025-11-15 11:47:31.140 +08:00] [INF] [107] Main: Running query planner optimizations in the database... This might take a while
[2025-11-15 11:47:31.188 +08:00] [INF] [107] Emby.Server.Implementations.ApplicationHost: Disposing "CoreAppHost"
[2025-11-15 11:47:31.188 +08:00] [INF] [107] Emby.Server.Implementations.ApplicationHost: Disposing "MusicBrainzArtistProvider"
[2025-11-15 11:47:31.193 +08:00] [INF] [107] Emby.Server.Implementations.ApplicationHost: Disposing "MusicBrainzAlbumProvider"
[2025-11-15 11:47:31.193 +08:00] [INF] [107] Emby.Server.Implementations.ApplicationHost: Disposing "PluginManager"
[2025-11-15 11:48:20.474 +08:00] [INF] [1] Emby.Server.Implementations.AppBase.BaseConfigurationManager: Setting cache path: "/cache"
[2025-11-15 11:48:20.688 +08:00] [INF] [9] Jellyfin.Server.ServerSetupApp.SetupServer: Kestrel is listening on "0.0.0.0"
[2025-11-15 11:48:20.704 +08:00] [INF] [9] Main: Jellyfin version: "10.11.2"
[2025-11-15 11:48:20.707 +08:00] [INF] [9] Main: Environment Variables: ["[JELLYFIN_WEB_DIR, /jellyfin/jellyfin-web]", "[JELLYFIN_LOG_DIR, /config/log]", "[JELLYFIN_CACHE_DIR, /cache]", "[JELLYFIN_FFMPEG, /usr/lib/jellyfin-ffmpeg/ffmpeg]", "[JELLYFIN_CONFIG_DIR, /config/config]", "[JELLYFIN_DATA_DIR, /config]"]
[2025-11-15 11:48:20.708 +08:00] [INF] [9] Main: Arguments: ["/jellyfin/jellyfin.dll"]
[2025-11-15 11:48:20.708 +08:00] [INF] [9] Main: Operating system: "Debian GNU/Linux 13 (trixie)"
[2025-11-15 11:48:20.708 +08:00] [INF] [9] Main: Architecture: Arm64
[2025-11-15 11:48:20.709 +08:00] [INF] [9] Main: 64-Bit Process: True
[2025-11-15 11:48:20.709 +08:00] [INF] [9] Main: User Interactive: True
[2025-11-15 11:48:20.709 +08:00] [INF] [9] Main: Processor count: 11
[2025-11-15 11:48:20.709 +08:00] [INF] [9] Main: Program data path: "/config"
[2025-11-15 11:48:20.709 +08:00] [INF] [9] Main: Log directory path: "/config/log"
[2025-11-15 11:48:20.709 +08:00] [INF] [9] Main: Config directory path: "/config/config"
[2025-11-15 11:48:20.709 +08:00] [INF] [9] Main: Cache path: "/cache"
[2025-11-15 11:48:20.709 +08:00] [INF] [9] Main: Temp directory path: "/tmp/jellyfin"
[2025-11-15 11:48:20.709 +08:00] [INF] [9] Main: Web resources path: "/jellyfin/jellyfin-web"
[2025-11-15 11:48:20.709 +08:00] [INF] [9] Main: Application directory: "/jellyfin/"
[2025-11-15 11:48:20.720 +08:00] [INF] [9] Jellyfin.Server.Startup: Storage path `"/config/data"` (Network) successfully checked with "24.3TiB" free which is over the minimum of "2GiB".
[2025-11-15 11:48:20.721 +08:00] [INF] [9] Jellyfin.Server.Startup: Storage path `"/config/log"` (Network) successfully checked with "24.3TiB" free which is over the minimum of "512MiB".
[2025-11-15 11:48:20.721 +08:00] [INF] [9] Jellyfin.Server.Startup: Storage path `"/cache"` (Fixed) successfully checked with "92.4GiB" free which is over the minimum of "2GiB".
[2025-11-15 11:48:20.721 +08:00] [INF] [9] Jellyfin.Server.Startup: Storage path `"/config"` (Network) successfully checked with "24.3TiB" free which is over the minimum of "2GiB".
[2025-11-15 11:48:20.721 +08:00] [INF] [9] Jellyfin.Server.Startup: Storage path `"/tmp/jellyfin"` (Fixed) successfully checked with "92.4GiB" free which is over the minimum of "512MiB".
[2025-11-15 11:48:20.728 +08:00] [INF] [9] Emby.Server.Implementations.AppBase.BaseConfigurationManager: Setting cache path: "/cache"
[2025-11-15 11:48:20.781 +08:00] [INF] [9] Jellyfin.Database.Providers.Sqlite.SqliteDatabaseProvider: SQLite connection string: "Data Source=/config/data/jellyfin.db;Cache=Default;Pooling=True"
[2025-11-15 11:48:20.788 +08:00] [INF] [9] Jellyfin.Database.Providers.Sqlite.SqliteDatabaseProvider: SQLITE connection pragma command set to: 
"PRAGMA locking_mode=NORMAL;
PRAGMA journal_size_limit=134217728;
PRAGMA synchronous=1;
PRAGMA temp_store=2;
"
[2025-11-15 11:48:20.788 +08:00] [INF] [9] Jellyfin.Database.Implementations.Locking.NoLockBehavior: The database locking mode has been set to: NoLock.
[2025-11-15 11:48:20.820 +08:00] [INF] [9] Jellyfin.Server.Migrations.JellyfinMigrationService: Initialise Migration service.
[2025-11-15 11:48:20.821 +08:00] [INF] [9] Jellyfin.Server.Migrations.JellyfinMigrationService: System initialisation detected. Seed data.
[2025-11-15 11:48:21.514 +08:00] [INF] [9] Jellyfin.Server.Migrations.JellyfinMigrationService: Migration system initialisation completed.
[2025-11-15 11:48:21.520 +08:00] [INF] [9] Jellyfin.Server.Migrations.JellyfinMigrationService: There are 0 migrations for stage PreInitialisation.
[2025-11-15 11:48:21.527 +08:00] [INF] [9] Emby.Server.Implementations.AppBase.BaseConfigurationManager: Setting cache path: "/cache"
[2025-11-15 11:48:21.540 +08:00] [INF] [9] Emby.Server.Implementations.ApplicationHost: Loading assemblies
[2025-11-15 11:48:21.563 +08:00] [INF] [9] Jellyfin.Networking.Manager.NetworkManager: Defined LAN subnets: ["127.0.0.1/8", "10.0.0.0/8", "172.16.0.0/12", "192.168.0.0/16"]
[2025-11-15 11:48:21.564 +08:00] [INF] [9] Jellyfin.Networking.Manager.NetworkManager: Defined LAN exclusions: []
[2025-11-15 11:48:21.564 +08:00] [INF] [9] Jellyfin.Networking.Manager.NetworkManager: Used LAN subnets: ["127.0.0.1/8", "10.0.0.0/8", "172.16.0.0/12", "192.168.0.0/16"]
[2025-11-15 11:48:21.565 +08:00] [INF] [9] Jellyfin.Networking.Manager.NetworkManager: Filtered interface addresses: ["127.0.0.1", "192.168.107.4"]
[2025-11-15 11:48:21.565 +08:00] [INF] [9] Jellyfin.Networking.Manager.NetworkManager: Bind Addresses ["0.0.0.0"]
[2025-11-15 11:48:21.566 +08:00] [INF] [9] Jellyfin.Networking.Manager.NetworkManager: Remote IP filter is "Allowlist"
[2025-11-15 11:48:21.566 +08:00] [INF] [9] Jellyfin.Networking.Manager.NetworkManager: Filtered subnets: []
[2025-11-15 11:48:22.041 +08:00] [INF] [9] Jellyfin.Database.Providers.Sqlite.SqliteDatabaseProvider: SQLite connection string: "Data Source=/config/data/jellyfin.db;Cache=Default;Pooling=True"
[2025-11-15 11:48:22.041 +08:00] [INF] [9] Jellyfin.Database.Providers.Sqlite.SqliteDatabaseProvider: SQLITE connection pragma command set to: 
"PRAGMA locking_mode=NORMAL;
PRAGMA journal_size_limit=134217728;
PRAGMA synchronous=1;
PRAGMA temp_store=2;
"
[2025-11-15 11:48:22.042 +08:00] [INF] [9] Jellyfin.Database.Implementations.Locking.NoLockBehavior: The database locking mode has been set to: NoLock.
[2025-11-15 11:48:22.044 +08:00] [INF] [9] Main: Prepare system for possible migrations
[2025-11-15 11:48:22.061 +08:00] [INF] [9] Jellyfin.Server.Migrations.JellyfinMigrationService: There are 0 migrations for stage CoreInitialisation.
[2025-11-15 11:48:22.315 +08:00] [INF] [9] Emby.Server.Implementations.Plugins.PluginManager: Loaded plugin: "TMDb" "10.11.2.0"
[2025-11-15 11:48:22.316 +08:00] [INF] [9] Emby.Server.Implementations.Plugins.PluginManager: Loaded plugin: "Studio Images" "10.11.2.0"
[2025-11-15 11:48:22.316 +08:00] [INF] [9] Emby.Server.Implementations.Plugins.PluginManager: Loaded plugin: "OMDb" "10.11.2.0"
[2025-11-15 11:48:22.325 +08:00] [INF] [9] Emby.Server.Implementations.Plugins.PluginManager: Loaded plugin: "MusicBrainz" "10.11.2.0"
[2025-11-15 11:48:22.326 +08:00] [INF] [9] Emby.Server.Implementations.Plugins.PluginManager: Loaded plugin: "AudioDB" "10.11.2.0"
[2025-11-15 11:48:22.395 +08:00] [INF] [9] Jellyfin.Server.Migrations.JellyfinMigrationService: There are 0 migrations for stage AppInitialisation.
[2025-11-15 11:48:22.419 +08:00] [INF] [14] Main: Kestrel is listening on "0.0.0.0"
[2025-11-15 11:48:22.431 +08:00] [WRN] [9] Microsoft.AspNetCore.DataProtection.KeyManagement.XmlKeyManager: No XML encryptor configured. Key {61fd70fb-306d-473a-b17e-96e65cfbc150} may be persisted to storage in unencrypted form.
[2025-11-15 11:48:22.845 +08:00] [WRN] [14] Microsoft.AspNetCore.StaticFiles.StaticFileMiddleware: The WebRootPath was not found: "/wwwroot". Static files may be unavailable.
[2025-11-15 11:48:22.902 +08:00] [INF] [14] Emby.Server.Implementations.ApplicationHost: Running startup tasks
[2025-11-15 11:48:22.910 +08:00] [INF] [14] Emby.Server.Implementations.ScheduledTasks.TaskManager: Daily trigger for "Generate Trickplay Images" set to fire at 2025-11-16 03:00:00.000 +08:00, which is 15:11:37.0896556 from now.
[2025-11-15 11:48:22.912 +08:00] [INF] [14] Emby.Server.Implementations.ScheduledTasks.TaskManager: Daily trigger for "Extract Chapter Images" set to fire at 2025-11-16 02:00:00.000 +08:00, which is 14:11:37.0872299 from now.
[2025-11-15 11:48:23.149 +08:00] [INF] [14] MediaBrowser.MediaEncoding.Encoder.MediaEncoder: Found ffmpeg version "7.1.2"
[2025-11-15 11:48:23.186 +08:00] [INF] [14] MediaBrowser.MediaEncoding.Encoder.MediaEncoder: Available "decoders": ["libdav1d", "av1", "av1_cuvid", "av1_rkmpp", "h264", "h264_rkmpp", "h264_cuvid", "hevc", "hevc_rkmpp", "hevc_cuvid", "mpeg1_rkmpp", "mpeg2video", "mpeg2_rkmpp", "mpeg2_cuvid", "mpeg4", "mpeg4_rkmpp", "mpeg4_cuvid", "msmpeg4", "vc1_cuvid", "vp8", "vp8_rkmpp", "libvpx", "vp8_cuvid", "vp9", "vp9_rkmpp", "libvpx-vp9", "vp9_cuvid", "aac", "ac3", "ac4", "dca", "flac", "mp3", "truehd"]
[2025-11-15 11:48:23.208 +08:00] [INF] [14] MediaBrowser.MediaEncoding.Encoder.MediaEncoder: Available "encoders": ["libsvtav1", "av1_nvenc", "libx264", "h264_nvenc", "h264_v4l2m2m", "h264_rkmpp", "libx265", "hevc_nvenc", "hevc_rkmpp", "mjpeg_rkmpp", "aac", "libfdk_aac", "ac3", "alac", "dca", "flac", "libmp3lame", "libopus", "truehd", "libvorbis", "srt"]
[2025-11-15 11:48:23.219 +08:00] [INF] [14] MediaBrowser.MediaEncoding.Encoder.MediaEncoder: Available filters: ["bwdif_cuda", "bwdif_opencl", "hwupload_cuda", "overlay_opencl", "overlay_cuda", "overlay_rkrga", "scale_cuda", "scale_opencl", "scale_rkrga", "tonemapx", "tonemap_cuda", "tonemap_opencl", "transpose_cuda", "transpose_opencl", "vpp_rkrga", "yadif_cuda", "yadif_opencl", "zscale", "alphasrc"]
[2025-11-15 11:48:23.265 +08:00] [WRN] [14] MediaBrowser.MediaEncoding.Encoder.MediaEncoder: Filter: "overlay_vaapi" with option "Action to take when encountering EOF from secondary input" is not available
[2025-11-15 11:48:23.273 +08:00] [WRN] [14] MediaBrowser.MediaEncoding.Encoder.MediaEncoder: Filter: "overlay_vulkan" with option "Action to take when encountering EOF from secondary input" is not available
[2025-11-15 11:48:23.378 +08:00] [INF] [14] MediaBrowser.MediaEncoding.Encoder.MediaEncoder: Available hwaccel types: ["cuda", "drm", "opencl", "rkmpp"]
[2025-11-15 11:48:25.925 +08:00] [INF] [9] Emby.Server.Implementations.ScheduledTasks.TaskManager: "Clean Transcode Directory" Completed after 0 minute(s) and 0 seconds
[2025-11-15 11:48:25.928 +08:00] [INF] [18] Emby.Server.Implementations.ScheduledTasks.TaskManager: "Clean up collections and playlists" Completed after 0 minute(s) and 0 seconds
[2025-11-15 11:48:27.058 +08:00] [INF] [14] MediaBrowser.MediaEncoding.Encoder.MediaEncoder: FFmpeg: "/usr/lib/jellyfin-ffmpeg/ffmpeg"
[2025-11-15 11:48:27.059 +08:00] [INF] [14] Emby.Server.Implementations.ApplicationHost: ServerId: "1cd72eadc3b94cbe8f2b6a97f05c3168"
[2025-11-15 11:48:27.059 +08:00] [INF] [14] Emby.Server.Implementations.ApplicationHost: Core startup complete
[2025-11-15 11:48:27.060 +08:00] [INF] [14] Main: Startup complete 0:00:06.9045884
[2025-11-15 11:48:55.250 +08:00] [INF] [19] Emby.Server.Implementations.ScheduledTasks.TaskManager: "Update Plugins" Completed after 0 minute(s) and 29 seconds
[2025-11-15 11:50:49.151 +08:00] [INF] [23] Emby.Server.Implementations.Session.SessionManager: Sending shutdown notifications
[2025-11-15 11:50:49.181 +08:00] [INF] [22] Main: Running query planner optimizations in the database... This might take a while
[2025-11-15 11:50:49.227 +08:00] [INF] [22] Emby.Server.Implementations.ApplicationHost: Disposing "CoreAppHost"
[2025-11-15 11:50:49.227 +08:00] [INF] [22] Emby.Server.Implementations.ApplicationHost: Disposing "MusicBrainzArtistProvider"
[2025-11-15 11:50:49.230 +08:00] [INF] [22] Emby.Server.Implementations.ApplicationHost: Disposing "MusicBrainzAlbumProvider"
[2025-11-15 11:50:49.230 +08:00] [INF] [22] Emby.Server.Implementations.ApplicationHost: Disposing "PluginManager"
[2025-11-15 11:51:04.888 +08:00] [INF] [1] Emby.Server.Implementations.AppBase.BaseConfigurationManager: Setting cache path: "/cache"
[2025-11-15 11:51:05.042 +08:00] [INF] [7] Jellyfin.Server.ServerSetupApp.SetupServer: Kestrel is listening on "0.0.0.0"
[2025-11-15 11:51:05.065 +08:00] [INF] [7] Main: Jellyfin version: "10.11.2"
[2025-11-15 11:51:05.068 +08:00] [INF] [7] Main: Environment Variables: ["[JELLYFIN_FFMPEG, /usr/lib/jellyfin-ffmpeg/ffmpeg]", "[JELLYFIN_CACHE_DIR, /cache]", "[JELLYFIN_CONFIG_DIR, /config/config]", "[JELLYFIN_LOG_DIR, /config/log]", "[JELLYFIN_DATA_DIR, /config]", "[JELLYFIN_WEB_DIR, /jellyfin/jellyfin-web]"]
[2025-11-15 11:51:05.069 +08:00] [INF] [7] Main: Arguments: ["/jellyfin/jellyfin.dll"]
[2025-11-15 11:51:05.069 +08:00] [INF] [7] Main: Operating system: "Debian GNU/Linux 13 (trixie)"
[2025-11-15 11:51:05.069 +08:00] [INF] [7] Main: Architecture: Arm64
[2025-11-15 11:51:05.070 +08:00] [INF] [7] Main: 64-Bit Process: True
[2025-11-15 11:51:05.070 +08:00] [INF] [7] Main: User Interactive: True
[2025-11-15 11:51:05.070 +08:00] [INF] [7] Main: Processor count: 11
[2025-11-15 11:51:05.070 +08:00] [INF] [7] Main: Program data path: "/config"
[2025-11-15 11:51:05.070 +08:00] [INF] [7] Main: Log directory path: "/config/log"
[2025-11-15 11:51:05.070 +08:00] [INF] [7] Main: Config directory path: "/config/config"
[2025-11-15 11:51:05.070 +08:00] [INF] [7] Main: Cache path: "/cache"
[2025-11-15 11:51:05.070 +08:00] [INF] [7] Main: Temp directory path: "/tmp/jellyfin"
[2025-11-15 11:51:05.070 +08:00] [INF] [7] Main: Web resources path: "/jellyfin/jellyfin-web"
[2025-11-15 11:51:05.070 +08:00] [INF] [7] Main: Application directory: "/jellyfin/"
[2025-11-15 11:51:05.083 +08:00] [INF] [7] Jellyfin.Server.Startup: Storage path `"/config/data"` (Network) successfully checked with "24.3TiB" free which is over the minimum of "2GiB".
[2025-11-15 11:51:05.084 +08:00] [INF] [7] Jellyfin.Server.Startup: Storage path `"/config/log"` (Network) successfully checked with "24.3TiB" free which is over the minimum of "512MiB".
[2025-11-15 11:51:05.084 +08:00] [INF] [7] Jellyfin.Server.Startup: Storage path `"/cache"` (Fixed) successfully checked with "92.4GiB" free which is over the minimum of "2GiB".
[2025-11-15 11:51:05.084 +08:00] [INF] [7] Jellyfin.Server.Startup: Storage path `"/config"` (Network) successfully checked with "24.3TiB" free which is over the minimum of "2GiB".
[2025-11-15 11:51:05.084 +08:00] [INF] [7] Jellyfin.Server.Startup: Storage path `"/tmp/jellyfin"` (Fixed) successfully checked with "92.4GiB" free which is over the minimum of "512MiB".
[2025-11-15 11:51:05.092 +08:00] [INF] [7] Emby.Server.Implementations.AppBase.BaseConfigurationManager: Setting cache path: "/cache"
[2025-11-15 11:51:05.142 +08:00] [INF] [7] Jellyfin.Database.Providers.Sqlite.SqliteDatabaseProvider: SQLite connection string: "Data Source=/config/data/jellyfin.db;Cache=Default;Pooling=True"
[2025-11-15 11:51:05.145 +08:00] [INF] [7] Jellyfin.Database.Providers.Sqlite.SqliteDatabaseProvider: SQLITE connection pragma command set to: 
"PRAGMA locking_mode=NORMAL;
PRAGMA journal_size_limit=134217728;
PRAGMA synchronous=1;
PRAGMA temp_store=2;
"
[2025-11-15 11:51:05.146 +08:00] [INF] [7] Jellyfin.Database.Implementations.Locking.NoLockBehavior: The database locking mode has been set to: NoLock.
[2025-11-15 11:51:05.168 +08:00] [INF] [7] Jellyfin.Server.Migrations.JellyfinMigrationService: Initialise Migration service.
[2025-11-15 11:51:05.169 +08:00] [INF] [7] Jellyfin.Server.Migrations.JellyfinMigrationService: System initialisation detected. Seed data.
[2025-11-15 11:51:05.816 +08:00] [INF] [7] Jellyfin.Server.Migrations.JellyfinMigrationService: Migration system initialisation completed.
[2025-11-15 11:51:05.820 +08:00] [INF] [7] Jellyfin.Server.Migrations.JellyfinMigrationService: There are 0 migrations for stage PreInitialisation.
[2025-11-15 11:51:05.824 +08:00] [INF] [7] Emby.Server.Implementations.AppBase.BaseConfigurationManager: Setting cache path: "/cache"
[2025-11-15 11:51:05.858 +08:00] [INF] [7] Emby.Server.Implementations.ApplicationHost: Loading assemblies
[2025-11-15 11:51:05.892 +08:00] [INF] [7] Jellyfin.Networking.Manager.NetworkManager: Defined LAN subnets: ["127.0.0.1/8", "10.0.0.0/8", "172.16.0.0/12", "192.168.0.0/16"]
[2025-11-15 11:51:05.892 +08:00] [INF] [7] Jellyfin.Networking.Manager.NetworkManager: Defined LAN exclusions: []
[2025-11-15 11:51:05.892 +08:00] [INF] [7] Jellyfin.Networking.Manager.NetworkManager: Used LAN subnets: ["127.0.0.1/8", "10.0.0.0/8", "172.16.0.0/12", "192.168.0.0/16"]
[2025-11-15 11:51:05.893 +08:00] [INF] [7] Jellyfin.Networking.Manager.NetworkManager: Filtered interface addresses: ["127.0.0.1", "192.168.107.9"]
[2025-11-15 11:51:05.893 +08:00] [INF] [7] Jellyfin.Networking.Manager.NetworkManager: Bind Addresses ["0.0.0.0"]
[2025-11-15 11:51:05.893 +08:00] [INF] [7] Jellyfin.Networking.Manager.NetworkManager: Remote IP filter is "Allowlist"
[2025-11-15 11:51:05.893 +08:00] [INF] [7] Jellyfin.Networking.Manager.NetworkManager: Filtered subnets: []
[2025-11-15 11:51:06.283 +08:00] [INF] [7] Jellyfin.Database.Providers.Sqlite.SqliteDatabaseProvider: SQLite connection string: "Data Source=/config/data/jellyfin.db;Cache=Default;Pooling=True"
[2025-11-15 11:51:06.283 +08:00] [INF] [7] Jellyfin.Database.Providers.Sqlite.SqliteDatabaseProvider: SQLITE connection pragma command set to: 
"PRAGMA locking_mode=NORMAL;
PRAGMA journal_size_limit=134217728;
PRAGMA synchronous=1;
PRAGMA temp_store=2;
"
[2025-11-15 11:51:06.283 +08:00] [INF] [7] Jellyfin.Database.Implementations.Locking.NoLockBehavior: The database locking mode has been set to: NoLock.
[2025-11-15 11:51:06.286 +08:00] [INF] [7] Main: Prepare system for possible migrations
[2025-11-15 11:51:06.301 +08:00] [INF] [7] Jellyfin.Server.Migrations.JellyfinMigrationService: There are 0 migrations for stage CoreInitialisation.
[2025-11-15 11:51:06.525 +08:00] [INF] [7] Emby.Server.Implementations.Plugins.PluginManager: Loaded plugin: "TMDb" "10.11.2.0"
[2025-11-15 11:51:06.526 +08:00] [INF] [7] Emby.Server.Implementations.Plugins.PluginManager: Loaded plugin: "Studio Images" "10.11.2.0"
[2025-11-15 11:51:06.526 +08:00] [INF] [7] Emby.Server.Implementations.Plugins.PluginManager: Loaded plugin: "OMDb" "10.11.2.0"
[2025-11-15 11:51:06.537 +08:00] [INF] [7] Emby.Server.Implementations.Plugins.PluginManager: Loaded plugin: "MusicBrainz" "10.11.2.0"
[2025-11-15 11:51:06.537 +08:00] [INF] [7] Emby.Server.Implementations.Plugins.PluginManager: Loaded plugin: "AudioDB" "10.11.2.0"
[2025-11-15 11:51:06.579 +08:00] [INF] [7] Jellyfin.Server.Migrations.JellyfinMigrationService: There are 0 migrations for stage AppInitialisation.
[2025-11-15 11:51:06.598 +08:00] [INF] [9] Main: Kestrel is listening on "0.0.0.0"
[2025-11-15 11:51:06.609 +08:00] [WRN] [7] Microsoft.AspNetCore.DataProtection.KeyManagement.XmlKeyManager: No XML encryptor configured. Key {08fbe8e0-93d3-47ca-9f19-f8086cdbfde0} may be persisted to storage in unencrypted form.
[2025-11-15 11:51:06.960 +08:00] [WRN] [9] Microsoft.AspNetCore.StaticFiles.StaticFileMiddleware: The WebRootPath was not found: "/wwwroot". Static files may be unavailable.
[2025-11-15 11:51:07.000 +08:00] [INF] [9] Emby.Server.Implementations.ApplicationHost: Running startup tasks
[2025-11-15 11:51:07.005 +08:00] [INF] [9] Emby.Server.Implementations.ScheduledTasks.TaskManager: Daily trigger for "Generate Trickplay Images" set to fire at 2025-11-16 03:00:00.000 +08:00, which is 15:08:52.9942110 from now.
[2025-11-15 11:51:07.007 +08:00] [INF] [9] Emby.Server.Implementations.ScheduledTasks.TaskManager: Daily trigger for "Extract Chapter Images" set to fire at 2025-11-16 02:00:00.000 +08:00, which is 14:08:52.9925367 from now.
[2025-11-15 11:51:07.044 +08:00] [INF] [9] MediaBrowser.MediaEncoding.Encoder.MediaEncoder: Found ffmpeg version "7.1.2"
[2025-11-15 11:51:07.069 +08:00] [INF] [9] MediaBrowser.MediaEncoding.Encoder.MediaEncoder: Available "decoders": ["libdav1d", "av1", "av1_cuvid", "av1_rkmpp", "h264", "h264_rkmpp", "h264_cuvid", "hevc", "hevc_rkmpp", "hevc_cuvid", "mpeg1_rkmpp", "mpeg2video", "mpeg2_rkmpp", "mpeg2_cuvid", "mpeg4", "mpeg4_rkmpp", "mpeg4_cuvid", "msmpeg4", "vc1_cuvid", "vp8", "vp8_rkmpp", "libvpx", "vp8_cuvid", "vp9", "vp9_rkmpp", "libvpx-vp9", "vp9_cuvid", "aac", "ac3", "ac4", "dca", "flac", "mp3", "truehd"]
[2025-11-15 11:51:07.079 +08:00] [INF] [9] MediaBrowser.MediaEncoding.Encoder.MediaEncoder: Available "encoders": ["libsvtav1", "av1_nvenc", "libx264", "h264_nvenc", "h264_v4l2m2m", "h264_rkmpp", "libx265", "hevc_nvenc", "hevc_rkmpp", "mjpeg_rkmpp", "aac", "libfdk_aac", "ac3", "alac", "dca", "flac", "libmp3lame", "libopus", "truehd", "libvorbis", "srt"]
[2025-11-15 11:51:07.089 +08:00] [INF] [9] MediaBrowser.MediaEncoding.Encoder.MediaEncoder: Available filters: ["bwdif_cuda", "bwdif_opencl", "hwupload_cuda", "overlay_opencl", "overlay_cuda", "overlay_rkrga", "scale_cuda", "scale_opencl", "scale_rkrga", "tonemapx", "tonemap_cuda", "tonemap_opencl", "transpose_cuda", "transpose_opencl", "vpp_rkrga", "yadif_cuda", "yadif_opencl", "zscale", "alphasrc"]
[2025-11-15 11:51:07.132 +08:00] [WRN] [9] MediaBrowser.MediaEncoding.Encoder.MediaEncoder: Filter: "overlay_vaapi" with option "Action to take when encountering EOF from secondary input" is not available
[2025-11-15 11:51:07.139 +08:00] [WRN] [9] MediaBrowser.MediaEncoding.Encoder.MediaEncoder: Filter: "overlay_vulkan" with option "Action to take when encountering EOF from secondary input" is not available
[2025-11-15 11:51:07.199 +08:00] [INF] [9] MediaBrowser.MediaEncoding.Encoder.MediaEncoder: Available hwaccel types: ["cuda", "drm", "opencl", "rkmpp"]
[2025-11-15 11:51:10.015 +08:00] [INF] [7] Emby.Server.Implementations.ScheduledTasks.TaskManager: "Clean Transcode Directory" Completed after 0 minute(s) and 0 seconds
[2025-11-15 11:51:10.017 +08:00] [INF] [12] Emby.Server.Implementations.ScheduledTasks.TaskManager: "Clean up collections and playlists" Completed after 0 minute(s) and 0 seconds
[2025-11-15 11:51:11.410 +08:00] [INF] [9] MediaBrowser.MediaEncoding.Encoder.MediaEncoder: FFmpeg: "/usr/lib/jellyfin-ffmpeg/ffmpeg"
[2025-11-15 11:51:11.411 +08:00] [INF] [9] Emby.Server.Implementations.ApplicationHost: ServerId: "1cd72eadc3b94cbe8f2b6a97f05c3168"
[2025-11-15 11:51:11.411 +08:00] [INF] [9] Emby.Server.Implementations.ApplicationHost: Core startup complete
[2025-11-15 11:51:11.411 +08:00] [INF] [9] Main: Startup complete 0:00:06.8364655
[2025-11-15 11:51:14.852 +08:00] [INF] [19] Emby.Server.Implementations.ScheduledTasks.TaskManager: "Update Plugins" Completed after 0 minute(s) and 4 seconds
[2025-11-15 12:37:02.283 +08:00] [INF] [93] Emby.Server.Implementations.Session.SessionManager: Sending shutdown notifications
[2025-11-15 12:37:02.308 +08:00] [INF] [90] Main: Running query planner optimizations in the database... This might take a while
[2025-11-15 12:37:02.366 +08:00] [INF] [90] Emby.Server.Implementations.ApplicationHost: Disposing "CoreAppHost"
[2025-11-15 12:37:02.366 +08:00] [INF] [90] Emby.Server.Implementations.ApplicationHost: Disposing "MusicBrainzArtistProvider"
[2025-11-15 12:37:02.367 +08:00] [INF] [90] Emby.Server.Implementations.ApplicationHost: Disposing "MusicBrainzAlbumProvider"
[2025-11-15 12:37:02.368 +08:00] [INF] [90] Emby.Server.Implementations.ApplicationHost: Disposing "PluginManager"
